@!@!@STARTMSG 2262:0 @!@!@
TLC2 Version 2.16 of 31 December 2020 (rev: cdddf55)
@!@!@ENDMSG 2262 @!@!@
@!@!@STARTMSG 2187:0 @!@!@
Running breadth-first search Model-Checking with fp 83 and seed 840869795232173225 with 1 worker on 8 cores with 1820MB heap and 64MB offheap memory [pid: 25143] (Mac OS X 13.1 aarch64, Homebrew 11.0.16.1 x86_64, MSBDiskFPSet, DiskStateQueue).
@!@!@ENDMSG 2187 @!@!@
@!@!@STARTMSG 2220:0 @!@!@
Starting SANY...
@!@!@ENDMSG 2220 @!@!@
Parsing file /Users/martin/Documents/learning-tlaplus/specs/HourClock/HourClock2.tla
Parsing file /Users/martin/Documents/learning-tlaplus/specs/HourClock/HourClock.tla
Parsing file /private/var/folders/6f/mwsyvmrx40j9vj23rqy6889c0000gn/T/Naturals.tla
Semantic processing of module Naturals
Semantic processing of module HourClock
Semantic processing of module HourClock2
@!@!@STARTMSG 2219:0 @!@!@
SANY finished.
@!@!@ENDMSG 2219 @!@!@
@!@!@STARTMSG 2185:0 @!@!@
Starting... (2023-01-21 19:26:00)
@!@!@ENDMSG 2185 @!@!@
@!@!@STARTMSG 2189:0 @!@!@
Computing initial states...
@!@!@ENDMSG 2189 @!@!@
@!@!@STARTMSG 2269:0 @!@!@
Computed 2 initial states...
@!@!@ENDMSG 2269 @!@!@
@!@!@STARTMSG 2269:0 @!@!@
Computed 4 initial states...
@!@!@ENDMSG 2269 @!@!@
@!@!@STARTMSG 2269:0 @!@!@
Computed 8 initial states...
@!@!@ENDMSG 2269 @!@!@
@!@!@STARTMSG 2190:0 @!@!@
Finished computing initial states: 12 distinct states generated at 2023-01-21 19:26:00.
@!@!@ENDMSG 2190 @!@!@
@!@!@STARTMSG 2112:1 @!@!@
Action property line 16, col 19 to line 16, col 31 of module HourClock2 is violated.
@!@!@ENDMSG 2112 @!@!@
@!@!@STARTMSG 2121:1 @!@!@
The behavior up to this point is:
@!@!@ENDMSG 2121 @!@!@
@!@!@STARTMSG 2217:4 @!@!@
1: <Initial predicate>
hr = 11

@!@!@ENDMSG 2217 @!@!@
@!@!@STARTMSG 2217:4 @!@!@
2: <HCnxt line 15, col 4 to line 15, col 38 of module HourClock>
hr = 12

@!@!@ENDMSG 2217 @!@!@
@!@!@STARTMSG 2201:0 @!@!@
The coverage statistics at 2023-01-21 19:26:00
@!@!@ENDMSG 2201 @!@!@
@!@!@STARTMSG 2773:0 @!@!@
<HCini line 9, col 1 to line 9, col 5 of module HourClock>: 12:12
@!@!@ENDMSG 2773 @!@!@
@!@!@STARTMSG 2221:0 @!@!@
  line 9, col 10 to line 9, col 23 of module HourClock: 12
@!@!@ENDMSG 2221 @!@!@
@!@!@STARTMSG 2221:0 @!@!@
  |line 9, col 18 to line 9, col 22 of module HourClock: 1
@!@!@ENDMSG 2221 @!@!@
@!@!@STARTMSG 2772:0 @!@!@
<HCnxt line 11, col 1 to line 11, col 5 of module HourClock>: 0:12
@!@!@ENDMSG 2772 @!@!@
@!@!@STARTMSG 2221:0 @!@!@
  line 15, col 4 to line 15, col 38 of module HourClock: 11
@!@!@ENDMSG 2221 @!@!@
@!@!@STARTMSG 2221:0 @!@!@
  |line 15, col 10 to line 15, col 38 of module HourClock: 12
@!@!@ENDMSG 2221 @!@!@
@!@!@STARTMSG 2202:0 @!@!@
End of statistics.
@!@!@ENDMSG 2202 @!@!@
@!@!@STARTMSG 2200:0 @!@!@
Progress(1) at 2023-01-21 19:26:00: 23 states generated (3,325 s/min), 12 distinct states found (1,734 ds/min), 1 states left on queue.
@!@!@ENDMSG 2200 @!@!@
@!@!@STARTMSG 2199:0 @!@!@
23 states generated, 12 distinct states found, 1 states left on queue.
@!@!@ENDMSG 2199 @!@!@
@!@!@STARTMSG 2194:0 @!@!@
The depth of the complete state graph search is 1.
@!@!@ENDMSG 2194 @!@!@
@!@!@STARTMSG 2268:0 @!@!@
The average outdegree of the complete state graph is 0 (minimum is 0, the maximum 0 and the 95th percentile is 0).
@!@!@ENDMSG 2268 @!@!@
@!@!@STARTMSG 2186:0 @!@!@
Finished in 420ms at (2023-01-21 19:26:00)
@!@!@ENDMSG 2186 @!@!@
